<?xml version="1.0" encoding="UTF-8"?>
<testsuite xmlns:xsi="http://www.w3.org/2001/XMLSchema-instance" xsi:noNamespaceSchemaLocation="https://maven.apache.org/surefire/maven-surefire-plugin/xsd/surefire-test-report.xsd" name="com.doanoop.PolyfillTest" time="0.076" tests="5" errors="0" skipped="0" failures="0">
  <properties>
[...]
</properties>
  <testcase name="khoangThoiGianTest" classname="com.doanoop.PolyfillTest" time="0"/>
  <testcase name="PFFileTest" classname="com.doanoop.PolyfillTest" time="0.041"/>
  <testcase name="thoiGianTest" classname="com.doanoop.PolyfillTest" time="0.011"/>
  <testcase name="stringhelperTest" classname="com.doanoop.PolyfillTest" time="0.005"/>
  <testcase name="PFArrayTest" classname="com.doanoop.PolyfillTest" time="0.005"/>
</testsuite>